<?xml version="1.0" encoding="UTF-8"?>
<!-- Generated by org.testng.reporters.JUnitReportReporter -->
<testsuite skipped="0" hostname="Medona" name="com.scripts.actitime.Testeditleave" tests="1" failures="0" timestamp="23 Sep 2020 16:17:16 GMT" time="17.420" errors="0">
  <testcase name="editleavetype" time="17.420" classname="com.scripts.actitime.Testeditleave"/>
</testsuite> <!-- com.scripts.actitime.Testeditleave -->
