<?xml version="1.0" encoding="UTF-8"?>
<!-- Generated by org.testng.reporters.JUnitReportReporter -->
<testsuite skipped="0" hostname="Medona" name="com.scripts.actitime.Testcreatleave" tests="1" failures="0" timestamp="23 Sep 2020 16:17:16 GMT" time="19.884" errors="0">
  <testcase name="leave" time="19.884" classname="com.scripts.actitime.Testcreatleave"/>
</testsuite> <!-- com.scripts.actitime.Testcreatleave -->
