<?xml version="1.0" encoding="UTF-8"?>
<!-- Generated by org.testng.reporters.JUnitReportReporter -->
<testsuite skipped="0" hostname="Medona" name="com.scripts.actitime.Testdeletework" tests="1" failures="0" timestamp="23 Sep 2020 16:17:16 GMT" time="20.157" errors="0">
  <testcase name="deletework" time="20.157" classname="com.scripts.actitime.Testdeletework"/>
</testsuite> <!-- com.scripts.actitime.Testdeletework -->
