<?xml version="1.0" encoding="UTF-8"?>
<!-- Generated by org.testng.reporters.JUnitReportReporter -->
<testsuite skipped="0" hostname="Medona" name="com.scripts.actitime.Testdeleteleave" tests="1" failures="0" timestamp="23 Sep 2020 16:17:16 GMT" time="19.964" errors="0">
  <testcase name="deleteleave" time="19.964" classname="com.scripts.actitime.Testdeleteleave"/>
</testsuite> <!-- com.scripts.actitime.Testdeleteleave -->
