<?xml version="1.0" encoding="UTF-8"?>
<!-- Generated by org.testng.reporters.JUnitReportReporter -->
<testsuite skipped="0" hostname="Medona" name="com.scripts.actitime.Testcreatwork" tests="1" failures="0" timestamp="23 Sep 2020 16:17:16 GMT" time="23.256" errors="0">
  <testcase name="work" time="23.256" classname="com.scripts.actitime.Testcreatwork"/>
</testsuite> <!-- com.scripts.actitime.Testcreatwork -->
