<?xml version="1.0" encoding="UTF-8"?>
<!-- Generated by org.testng.reporters.JUnitReportReporter -->
<testsuite skipped="0" hostname="Medona" name="com.scripts.actitime.Testeditwork" tests="1" failures="0" timestamp="23 Sep 2020 16:17:16 GMT" time="24.612" errors="0">
  <testcase name="editworktype" time="24.612" classname="com.scripts.actitime.Testeditwork"/>
</testsuite> <!-- com.scripts.actitime.Testeditwork -->
